<?xml version="1.0" encoding="UTF-8"?>
<!-- Generated by org.testng.reporters.JUnitReportReporter -->
<testsuite hostname="DESKTOP-GDI9CJ3" failures="0" tests="1" name="trelloendtoend.TrelloCreateAndDeleteBoard" time="34.904" errors="0" timestamp="2023-08-06T14:05:21 IST" skipped="0">
  <testcase classname="trelloendtoend.TrelloCreateAndDeleteBoard" name="CreateAndDeleteBoard" time="34.904"/>
  <system-out/>
</testsuite> <!-- trelloendtoend.TrelloCreateAndDeleteBoard -->
